<?xml version="1.0" encoding="UTF-8"?>
<testng-results skipped="0" failed="5" ignored="0" total="12" passed="7">
  <reporter-output>
  </reporter-output>
  <suite name="runner.TestRunner" duration-ms="174592" started-at="2022-04-23T14:43:51 EET" finished-at="2022-04-23T14:46:46 EET">
    <groups>
      <group name="cucumber">
        <method signature="AbstractTestNGCucumberTests.runScenario(io.cucumber.testng.PickleWrapper,io.cucumber.testng.FeatureWrapper)[pri:0, instance:runner.TestRunner@a3107a]" name="runScenario" class="io.cucumber.testng.AbstractTestNGCucumberTests"/>
      </group> <!-- cucumber -->
    </groups>
    <test name="Command line test" duration-ms="174592" started-at="2022-04-23T14:43:51 EET" finished-at="2022-04-23T14:46:46 EET">
      <class name="runner.TestRunner">
        <test-method status="PASS" signature="setUpClass(org.testng.ITestContext)[pri:0, instance:runner.TestRunner@a3107a]" name="setUpClass" is-config="true" duration-ms="1794" started-at="2022-04-23T14:43:51 EET" finished-at="2022-04-23T14:43:53 EET">
          <params>
            <param index="0">
              <value>
                <![CDATA[org.testng.TestRunner@f677f8]]>
              </value>
            </param>
          </params>
          <reporter-output>
          </reporter-output>
        </test-method> <!-- setUpClass -->
        <test-method status="PASS" signature="runScenario(io.cucumber.testng.PickleWrapper,io.cucumber.testng.FeatureWrapper)[pri:0, instance:runner.TestRunner@a3107a]" name="runScenario" duration-ms="49039" started-at="2022-04-23T14:43:53 EET" description="Runs Cucumber Scenarios" data-provider="scenarios" finished-at="2022-04-23T14:44:42 EET">
          <params>
            <param index="0">
              <value>
                <![CDATA["User could register with valid data"]]>
              </value>
            </param>
            <param index="1">
              <value>
                <![CDATA["Optional[Registration | User could signup with a new account]"]]>
              </value>
            </param>
          </params>
          <reporter-output>
          </reporter-output>
        </test-method> <!-- runScenario -->
        <test-method status="FAIL" signature="runScenario(io.cucumber.testng.PickleWrapper,io.cucumber.testng.FeatureWrapper)[pri:0, instance:runner.TestRunner@a3107a]" name="runScenario" duration-ms="8623" started-at="2022-04-23T14:44:42 EET" description="Runs Cucumber Scenarios" data-provider="scenarios" finished-at="2022-04-23T14:44:51 EET">
          <params>
            <param index="0">
              <value>
                <![CDATA["sc02 | user could login with valid email and password"]]>
              </value>
            </param>
            <param index="1">
              <value>
                <![CDATA["Optional[Login | users could login to open their accounts]"]]>
              </value>
            </param>
          </params>
          <exception class="java.lang.NullPointerException">
            <full-stacktrace>
              <![CDATA[java.lang.NullPointerException
at stepDefinition.Login.validData(Login.java:18)
at ✽.user login with valid "email@gmail.com" and "asdf@1234"(file:///C:/Users/nadeen/Desktop/fwd/ecommerce%20app/ecommerce/src/main/resources/features/F02_login.feature:6)
]]>
            </full-stacktrace>
          </exception> <!-- java.lang.NullPointerException -->
          <reporter-output>
          </reporter-output>
        </test-method> <!-- runScenario -->
        <test-method status="FAIL" signature="runScenario(io.cucumber.testng.PickleWrapper,io.cucumber.testng.FeatureWrapper)[pri:0, instance:runner.TestRunner@a3107a]" name="runScenario" duration-ms="9236" started-at="2022-04-23T14:44:51 EET" description="Runs Cucumber Scenarios" data-provider="scenarios" finished-at="2022-04-23T14:45:00 EET">
          <params>
            <param index="0">
              <value>
                <![CDATA["sc03 | User could reset his/her password successfully"]]>
              </value>
            </param>
            <param index="1">
              <value>
                <![CDATA["Optional[Login | users could login to open their accounts]"]]>
              </value>
            </param>
          </params>
          <exception class="java.lang.NullPointerException">
            <full-stacktrace>
              <![CDATA[java.lang.NullPointerException
at stepDefinition.Login.validData(Login.java:18)
at stepDefinition.Login.loggedUser(Login.java:38)
at ✽.user is logged in with "emaill@gmail.com" and "asdf@1234"(file:///C:/Users/nadeen/Desktop/fwd/ecommerce%20app/ecommerce/src/main/resources/features/F02_login.feature:11)
]]>
            </full-stacktrace>
          </exception> <!-- java.lang.NullPointerException -->
          <reporter-output>
          </reporter-output>
        </test-method> <!-- runScenario -->
        <test-method status="FAIL" signature="runScenario(io.cucumber.testng.PickleWrapper,io.cucumber.testng.FeatureWrapper)[pri:0, instance:runner.TestRunner@a3107a]" name="runScenario" duration-ms="11080" started-at="2022-04-23T14:45:00 EET" description="Runs Cucumber Scenarios" data-provider="scenarios" finished-at="2022-04-23T14:45:11 EET">
          <params>
            <param index="0">
              <value>
                <![CDATA["sc04 | user could search for product using fullname"]]>
              </value>
            </param>
            <param index="1">
              <value>
                <![CDATA["Optional[Search | users will be able to search for products]"]]>
              </value>
            </param>
          </params>
          <exception class="java.lang.NullPointerException">
            <full-stacktrace>
              <![CDATA[java.lang.NullPointerException
at stepDefinition.Login.validData(Login.java:18)
at stepDefinition.Login.loggedUser(Login.java:38)
at ✽.user is logged in with "email@gmail.com" and "111111"(file:///C:/Users/nadeen/Desktop/fwd/ecommerce%20app/ecommerce/src/main/resources/features/F03_search.feature:5)
]]>
            </full-stacktrace>
          </exception> <!-- java.lang.NullPointerException -->
          <reporter-output>
          </reporter-output>
        </test-method> <!-- runScenario -->
        <test-method status="PASS" signature="runScenario(io.cucumber.testng.PickleWrapper,io.cucumber.testng.FeatureWrapper)[pri:0, instance:runner.TestRunner@a3107a]" name="runScenario" duration-ms="10061" started-at="2022-04-23T14:45:11 EET" description="Runs Cucumber Scenarios" data-provider="scenarios" finished-at="2022-04-23T14:45:21 EET">
          <params>
            <param index="0">
              <value>
                <![CDATA["sc05 | user could switch between currencies US-Euro"]]>
              </value>
            </param>
            <param index="1">
              <value>
                <![CDATA["Optional[Search | users will be able to search for products]"]]>
              </value>
            </param>
          </params>
          <reporter-output>
          </reporter-output>
        </test-method> <!-- runScenario -->
        <test-method status="PASS" signature="runScenario(io.cucumber.testng.PickleWrapper,io.cucumber.testng.FeatureWrapper)[pri:0, instance:runner.TestRunner@a3107a]" name="runScenario" duration-ms="13511" started-at="2022-04-23T14:45:21 EET" description="Runs Cucumber Scenarios" data-provider="scenarios" finished-at="2022-04-23T14:45:35 EET">
          <params>
            <param index="0">
              <value>
                <![CDATA["sc06 | user could select from different Categories"]]>
              </value>
            </param>
            <param index="1">
              <value>
                <![CDATA["Optional[Search | users will be able to search for products]"]]>
              </value>
            </param>
          </params>
          <reporter-output>
          </reporter-output>
        </test-method> <!-- runScenario -->
        <test-method status="PASS" signature="runScenario(io.cucumber.testng.PickleWrapper,io.cucumber.testng.FeatureWrapper)[pri:0, instance:runner.TestRunner@a3107a]" name="runScenario" duration-ms="12876" started-at="2022-04-23T14:45:35 EET" description="Runs Cucumber Scenarios" data-provider="scenarios" finished-at="2022-04-23T14:45:48 EET">
          <params>
            <param index="0">
              <value>
                <![CDATA["sc07| user could filter with color"]]>
              </value>
            </param>
            <param index="1">
              <value>
                <![CDATA["Optional[Search | users will be able to search for products]"]]>
              </value>
            </param>
          </params>
          <reporter-output>
          </reporter-output>
        </test-method> <!-- runScenario -->
        <test-method status="PASS" signature="runScenario(io.cucumber.testng.PickleWrapper,io.cucumber.testng.FeatureWrapper)[pri:0, instance:runner.TestRunner@a3107a]" name="runScenario" duration-ms="13852" started-at="2022-04-23T14:45:48 EET" description="Runs Cucumber Scenarios" data-provider="scenarios" finished-at="2022-04-23T14:46:01 EET">
          <params>
            <param index="0">
              <value>
                <![CDATA["sc08 | user could select different tags"]]>
              </value>
            </param>
            <param index="1">
              <value>
                <![CDATA["Optional[Search | users will be able to search for products]"]]>
              </value>
            </param>
          </params>
          <reporter-output>
          </reporter-output>
        </test-method> <!-- runScenario -->
        <test-method status="FAIL" signature="runScenario(io.cucumber.testng.PickleWrapper,io.cucumber.testng.FeatureWrapper)[pri:0, instance:runner.TestRunner@a3107a]" name="runScenario" duration-ms="8258" started-at="2022-04-23T14:46:01 EET" description="Runs Cucumber Scenarios" data-provider="scenarios" finished-at="2022-04-23T14:46:10 EET">
          <params>
            <param index="0">
              <value>
                <![CDATA["sc09 | user could add different products to Shopping cart"]]>
              </value>
            </param>
            <param index="1">
              <value>
                <![CDATA["Optional[Search | users will be able to search for products]"]]>
              </value>
            </param>
          </params>
          <exception class="java.lang.NullPointerException">
            <full-stacktrace>
              <![CDATA[java.lang.NullPointerException
at stepDefinition.Login.validData(Login.java:18)
at stepDefinition.Login.loggedUser(Login.java:38)
at ✽.user is logged in with "email@gmail.com" and "11111111"(file:///C:/Users/nadeen/Desktop/fwd/ecommerce%20app/ecommerce/src/main/resources/features/F03_search.feature:29)
]]>
            </full-stacktrace>
          </exception> <!-- java.lang.NullPointerException -->
          <reporter-output>
          </reporter-output>
        </test-method> <!-- runScenario -->
        <test-method status="PASS" signature="runScenario(io.cucumber.testng.PickleWrapper,io.cucumber.testng.FeatureWrapper)[pri:0, instance:runner.TestRunner@a3107a]" name="runScenario" duration-ms="13243" started-at="2022-04-23T14:46:10 EET" description="Runs Cucumber Scenarios" data-provider="scenarios" finished-at="2022-04-23T14:46:23 EET">
          <params>
            <param index="0">
              <value>
                <![CDATA["sc10 | user could add different products to Wishlist"]]>
              </value>
            </param>
            <param index="1">
              <value>
                <![CDATA["Optional[Search | users will be able to search for products]"]]>
              </value>
            </param>
          </params>
          <reporter-output>
          </reporter-output>
        </test-method> <!-- runScenario -->
        <test-method status="PASS" signature="runScenario(io.cucumber.testng.PickleWrapper,io.cucumber.testng.FeatureWrapper)[pri:0, instance:runner.TestRunner@a3107a]" name="runScenario" duration-ms="11886" started-at="2022-04-23T14:46:23 EET" description="Runs Cucumber Scenarios" data-provider="scenarios" finished-at="2022-04-23T14:46:35 EET">
          <params>
            <param index="0">
              <value>
                <![CDATA["sc11 | user could add different products to compare list"]]>
              </value>
            </param>
            <param index="1">
              <value>
                <![CDATA["Optional[Search | users will be able to search for products]"]]>
              </value>
            </param>
          </params>
          <reporter-output>
          </reporter-output>
        </test-method> <!-- runScenario -->
        <test-method status="FAIL" signature="runScenario(io.cucumber.testng.PickleWrapper,io.cucumber.testng.FeatureWrapper)[pri:0, instance:runner.TestRunner@a3107a]" name="runScenario" duration-ms="10463" started-at="2022-04-23T14:46:35 EET" description="Runs Cucumber Scenarios" data-provider="scenarios" finished-at="2022-04-23T14:46:45 EET">
          <params>
            <param index="0">
              <value>
                <![CDATA["sc12 | user could create a successful Order"]]>
              </value>
            </param>
            <param index="1">
              <value>
                <![CDATA["Optional[Search | users will be able to search for products]"]]>
              </value>
            </param>
          </params>
          <exception class="java.lang.NullPointerException">
            <full-stacktrace>
              <![CDATA[java.lang.NullPointerException
at stepDefinition.Login.validData(Login.java:18)
at stepDefinition.Login.loggedUser(Login.java:38)
at ✽.user is logged in with "email@gmail.com" and "111111"(file:///C:/Users/nadeen/Desktop/fwd/ecommerce%20app/ecommerce/src/main/resources/features/F03_search.feature:53)
]]>
            </full-stacktrace>
          </exception> <!-- java.lang.NullPointerException -->
          <reporter-output>
          </reporter-output>
        </test-method> <!-- runScenario -->
        <test-method status="PASS" signature="tearDownClass()[pri:0, instance:runner.TestRunner@a3107a]" name="tearDownClass" is-config="true" duration-ms="626" started-at="2022-04-23T14:46:45 EET" finished-at="2022-04-23T14:46:46 EET">
          <reporter-output>
          </reporter-output>
        </test-method> <!-- tearDownClass -->
      </class> <!-- runner.TestRunner -->
    </test> <!-- Command line test -->
  </suite> <!-- runner.TestRunner -->
</testng-results>
